\BOOKMARK [1][-]{section.0.1}{\376\377\000I\000n\000t\000r\000o\000d\000u\000c\000t\000i\000o\000n\000\040\000\050\000m\000i\000n\000\040\0005\0000\0000\0000\000\040\000c\000h\000a\000r\000a\000c\000t\000e\000r\000s\000\051}{}% 1
\BOOKMARK [1][-]{section.0.2}{\376\377\000R\000e\000a\000l\000i\000s\000t\000i\000c\000\040\000C\000o\000n\000s\000t\000r\000a\000i\000n\000t\000s\000\040\000a\000n\000d\000\040\000C\000o\000n\000d\000i\000t\000i\000o\000n\000s}{}% 2
\BOOKMARK [2][-]{subsection.0.2.1}{\376\377\000S\000u\000s\000t\000a\000i\000n\000a\000b\000l\000e\000\040\000D\000e\000v\000e\000l\000o\000p\000m\000e\000n\000t\000\040\000G\000o\000a\000l\000\040\000\050\000m\000i\000n\000\040\0001\0000\0000\0000\000\040\000c\000h\000a\000r\000a\000c\000t\000e\000r\000s\000\051}{section.0.2}% 3
\BOOKMARK [2][-]{subsection.0.2.2}{\376\377\000E\000f\000f\000e\000c\000t\000s\000\040\000o\000n\000\040\000H\000e\000a\000l\000t\000h\000,\000\040\000E\000n\000v\000i\000r\000o\000n\000m\000e\000n\000t\000\040\000a\000n\000d\000\040\000t\000h\000e\000\040\000P\000r\000o\000b\000l\000e\000m\000s\000\040\000o\000f\000\040\000t\000h\000e\000\040\000A\000g\000e\000\040\000R\000e\000f\000l\000e\000c\000t\000e\000d\000\040\000i\000n\000\040\000t\000h\000e\000\040\000F\000i\000e\000l\000d\000\040\000o\000f\000\040\000E\000n\000g\000i\000n\000e\000e\000r\000i\000n\000g\000\040\000\050\000m\000i\000n\000\040\0001\0000\0000\0000\000\040\000c\000h\000a\000r\000a\000c\000t\000e\000r\000s\000\051}{section.0.2}% 4
\BOOKMARK [2][-]{subsection.0.2.3}{\376\377\000L\000e\000g\000a\000l\000\040\000C\000o\000n\000s\000e\000q\000u\000e\000n\000c\000e\000s\000\040\000\050\000m\000i\000n\000\040\0001\0000\0000\0000\000\040\000c\000h\000a\000r\000a\000c\000t\000e\000r\000s\000\051}{section.0.2}% 5
\BOOKMARK [1][-]{section.0.3}{\376\377\000L\000i\000t\000e\000r\000a\000t\000u\000r\000e\000\040\000A\000n\000a\000l\000y\000s\000i\000s\000\040\000\050\000m\000i\000n\000\040\0008\0000\0000\0000\000\040\000c\000h\000a\000r\000a\000c\000t\000e\000r\000s\000\051}{}% 6
\BOOKMARK [2][-]{subsection.0.3.1}{\376\377\000F\000e\000a\000t\000u\000r\000e\000s\000\040\000a\000n\000d\000\040\000R\000e\000q\000u\000i\000r\000e\000m\000e\000n\000t\000s\000\040\000o\000f\000\040\000C\000u\000r\000r\000e\000n\000t\000\040\000C\000r\000y\000p\000t\000o\000c\000u\000r\000r\000e\000n\000c\000y\000\040\000E\000d\000u\000c\000a\000t\000i\000o\000n\000\040\000P\000l\000a\000t\000f\000o\000r\000m\000s}{section.0.3}% 7
\BOOKMARK [1][-]{section.0.4}{\376\377\000S\000t\000a\000n\000d\000a\000r\000d\000s\000\040\000t\000o\000\040\000b\000e\000\040\000U\000s\000e\000d\000\040\000\050\000m\000i\000n\000\040\0001\0000\0000\0000\000\040\000c\000h\000a\000r\000a\000c\000t\000e\000r\000s\000\051}{}% 8
\BOOKMARK [1][-]{section.0.5}{\376\377\000A\000p\000p\000r\000o\000a\000c\000h\000e\000s\000,\000\040\000T\000e\000c\000h\000n\000i\000q\000u\000e\000s\000,\000\040\000a\000n\000d\000\040\000T\000e\000c\000h\000n\000o\000l\000o\000g\000i\000e\000s\000\040\000t\000o\000\040\000b\000e\000\040\000u\000s\000e\000d\000\040\000\050\000m\000i\000n\000\040\0006\0000\0000\0000\000\040\000c\000h\000a\000r\000a\000c\000t\000e\000r\000s\000\051}{}% 9
\BOOKMARK [1][-]{section.0.6}{\376\377\000R\000i\000s\000k\000\040\000M\000a\000n\000a\000g\000e\000m\000e\000n\000t}{}% 10
\BOOKMARK [2][-]{subsection.0.6.1}{\376\377\000W\000P\0001\000:\000\040\000R\000e\000q\000u\000i\000r\000e\000m\000e\000n\000t\000s\000\040\000a\000n\000d\000\040\000T\000e\000c\000h\000n\000i\000c\000a\000l\000\040\000D\000e\000b\000t}{section.0.6}% 11
\BOOKMARK [2][-]{subsection.0.6.2}{\376\377\000W\000P\0002\000:\000\040\000I\000n\000t\000e\000g\000r\000a\000t\000i\000o\000n\000\040\000a\000n\000d\000\040\000P\000e\000r\000f\000o\000r\000m\000a\000n\000c\000e}{section.0.6}% 12
\BOOKMARK [2][-]{subsection.0.6.3}{\376\377\000W\000P\0003\000:\000\040\000U\000s\000a\000b\000i\000l\000i\000t\000y\000\040\000a\000n\000d\000\040\000B\000r\000o\000w\000s\000e\000r\000\040\000C\000o\000m\000p\000a\000t\000i\000b\000i\000l\000i\000t\000y}{section.0.6}% 13
\BOOKMARK [2][-]{subsection.0.6.4}{\376\377\000W\000P\0004\000:\000\040\000D\000a\000t\000a\000\040\000M\000i\000g\000r\000a\000t\000i\000o\000n\000\040\000a\000n\000d\000\040\000S\000c\000a\000l\000a\000b\000i\000l\000i\000t\000y}{section.0.6}% 14
\BOOKMARK [2][-]{subsection.0.6.5}{\376\377\000W\000P\0005\000:\000\040\000T\000e\000s\000t\000\040\000C\000o\000v\000e\000r\000a\000g\000e\000\040\000a\000n\000d\000\040\000M\000i\000s\000s\000e\000d\000\040\000B\000u\000g\000s}{section.0.6}% 15
\BOOKMARK [2][-]{subsection.0.6.6}{\376\377\000W\000P\0006\000:\000\040\000D\000o\000w\000n\000t\000i\000m\000e\000\040\000a\000n\000d\000\040\000D\000e\000p\000l\000o\000y\000m\000e\000n\000t\000\040\000F\000a\000i\000l\000u\000r\000e\000s}{section.0.6}% 16
\BOOKMARK [2][-]{subsection.0.6.7}{\376\377\000S\000e\000c\000u\000r\000i\000t\000y\000\040\000R\000i\000s\000k\000s\000\040\000i\000n\000\040\000C\000r\000y\000p\000t\000o\000c\000u\000r\000r\000e\000n\000c\000y\000\040\000S\000y\000s\000t\000e\000m\000s}{section.0.6}% 17
\BOOKMARK [1][-]{section.0.7}{\376\377\000P\000r\000o\000j\000e\000c\000t\000\040\000S\000c\000h\000e\000d\000u\000l\000e\000\040\000a\000n\000d\000\040\000T\000a\000s\000k\000\040\000S\000h\000a\000r\000i\000n\000g}{}% 18
\BOOKMARK [2][-]{subsection.0.7.1}{\376\377\000W\000P\0001\000:\000\040\000S\000y\000s\000t\000e\000m\000\040\000A\000r\000c\000h\000i\000t\000e\000c\000t\000u\000r\000e}{section.0.7}% 19
\BOOKMARK [2][-]{subsection.0.7.2}{\376\377\000W\000P\0002\000:\000\040\000B\000a\000c\000k\000e\000n\000d\000\040\000D\000e\000v\000e\000l\000o\000p\000m\000e\000n\000t}{section.0.7}% 20
\BOOKMARK [2][-]{subsection.0.7.3}{\376\377\000W\000P\0003\000:\000\040\000F\000r\000o\000n\000t\000e\000n\000d\000\040\000D\000e\000v\000e\000l\000o\000p\000m\000e\000n\000t}{section.0.7}% 21
\BOOKMARK [2][-]{subsection.0.7.4}{\376\377\000W\000P\0004\000:\000\040\000D\000a\000t\000a\000b\000a\000s\000e\000\040\000I\000n\000t\000e\000g\000r\000a\000t\000i\000o\000n}{section.0.7}% 22
\BOOKMARK [2][-]{subsection.0.7.5}{\376\377\000W\000P\0005\000:\000\040\000T\000e\000s\000t\000i\000n\000g\000\040\000\046\000\040\000Q\000A}{section.0.7}% 23
\BOOKMARK [2][-]{subsection.0.7.6}{\376\377\000W\000P\0006\000:\000\040\000D\000e\000p\000l\000o\000y\000m\000e\000n\000t}{section.0.7}% 24
\BOOKMARK [2][-]{subsection.0.7.7}{\376\377\000U\000s\000e\000\040\000C\000a\000s\000e\000\040\000M\000o\000d\000e\000l\000\040\000\050\000m\000i\000n\000\040\0003\0000\0000\0000\000\040\000c\000h\000a\000r\000a\000c\000t\000e\000r\000s\000\051}{section.0.7}% 25
\BOOKMARK [2][-]{subsection.0.7.8}{\376\377\000O\000b\000j\000e\000c\000t\000\040\000M\000o\000d\000e\000l\000\040\000\050\000m\000i\000n\000\040\0003\0000\0000\0000\000\040\000c\000h\000a\000r\000a\000c\000t\000e\000r\000s\000\051}{section.0.7}% 26
\BOOKMARK [1][-]{section.0.8}{\376\377\000C\000h\000o\000o\000s\000e\000\040\000I\000n\000t\000e\000r\000d\000i\000s\000c\000i\000p\000l\000i\000n\000a\000r\000y\000\040\000D\000o\000m\000a\000i\000n\000\040\000o\000f\000\040\000S\000t\000u\000d\000y}{}% 27
